2023-03-07 10:00:34.063 [info] Log level: Info
2023-03-07 10:00:34.063 [info] Validating found git in: "git"
2023-03-07 10:00:34.063 [info] Using git "2.34.1" from "git"
2023-03-07 10:01:05.337 [info] Log level: Info
2023-03-07 10:01:05.338 [info] Validating found git in: "git"
2023-03-07 10:01:05.338 [info] Using git "2.34.1" from "git"
2023-03-07 10:01:05.385 [info] > git rev-parse --show-toplevel [48ms]
2023-03-07 10:01:05.385 [info] fatal: not a git repository (or any of the parent directories): .git
2023-03-07 10:01:05.432 [info] > git rev-parse --show-toplevel [26ms]
2023-03-07 10:01:05.432 [info] fatal: not a git repository (or any of the parent directories): .git
2023-03-07 10:01:05.452 [info] > git rev-parse --show-toplevel [5ms]
2023-03-07 10:01:05.452 [info] fatal: not a git repository (or any of the parent directories): .git
2023-03-07 10:01:09.302 [info] > git rev-parse --show-toplevel [7ms]
2023-03-07 10:01:09.302 [info] fatal: not a git repository (or any of the parent directories): .git
2023-03-07 10:41:19.406 [info] > git rev-parse --show-toplevel [42ms]
2023-03-07 10:41:19.407 [info] fatal: not a git repository (or any of the parent directories): .git
2023-03-07 12:02:43.251 [info] > git rev-parse --show-toplevel [21ms]
2023-03-07 12:02:43.254 [info] fatal: not a git repository (or any of the parent directories): .git
2023-03-07 12:12:51.218 [info] > git rev-parse --show-toplevel [24ms]
2023-03-07 12:13:42.697 [info] > git rev-parse --show-toplevel [14ms]
2023-03-07 14:36:26.916 [info] > git rev-parse --show-toplevel [26ms]
2023-03-07 14:41:10.367 [info] > git rev-parse --show-toplevel [24ms]
2023-03-08 08:44:47.998 [info] > git rev-parse --show-toplevel [11ms]
2023-03-08 08:44:58.579 [info] > git rev-parse --show-toplevel [3ms]
2023-03-08 08:45:18.009 [info] > git rev-parse --show-toplevel [10ms]
2023-03-08 08:47:28.013 [info] > git rev-parse --show-toplevel [3ms]
2023-03-08 08:47:53.315 [info] > git rev-parse --show-toplevel [2ms]
2023-03-08 08:48:48.762 [info] > git rev-parse --show-toplevel [11ms]
2023-03-08 08:48:55.097 [info] > git rev-parse --show-toplevel [3ms]
2023-03-08 08:51:11.595 [info] > git rev-parse --show-toplevel [13ms]
2023-03-08 08:51:21.121 [info] > git rev-parse --show-toplevel [40ms]
2023-03-08 08:52:19.896 [info] > git rev-parse --show-toplevel [21ms]
2023-03-08 08:58:33.117 [info] > git rev-parse --show-toplevel [36ms]
2023-03-08 08:59:43.107 [info] > git rev-parse --show-toplevel [22ms]
2023-03-08 09:36:53.685 [info] > git rev-parse --show-toplevel [26ms]
2023-03-08 09:37:05.218 [info] > git rev-parse --show-toplevel [16ms]
2023-03-08 09:37:06.664 [info] > git rev-parse --show-toplevel [9ms]
2023-03-08 09:58:37.561 [info] > git rev-parse --show-toplevel [47ms]
2023-03-08 10:00:07.170 [info] > git rev-parse --show-toplevel [5ms]
2023-03-08 10:00:14.805 [info] > git rev-parse --show-toplevel [14ms]
2023-03-08 10:00:15.969 [info] > git rev-parse --show-toplevel [7ms]
2023-03-08 10:00:22.038 [info] > git rev-parse --show-toplevel [4ms]
2023-03-08 10:00:34.721 [info] > git rev-parse --show-toplevel [9ms]
2023-03-08 10:00:41.080 [info] > git rev-parse --show-toplevel [9ms]
2023-03-08 10:00:47.270 [info] > git rev-parse --show-toplevel [2ms]
2023-03-08 12:23:55.126 [info] > git rev-parse --show-toplevel [22ms]
